<?xml version="1.0" encoding="UTF-8"?>
<!-- Generated by org.testng.reporters.JUnitReportReporter -->
<testsuite hostname="ATMECSINLT-829" failures="0" tests="3" name="org.atmecs.testscript.verifyDetailsInCheckoutTest" time="20.654" errors="0" timestamp="2022-11-17T17:34:04 IST" skipped="0">
  <testcase classname="org.atmecs.testscript.verifyDetailsInCheckoutTest" name="loginTest" time="7.161"/>
  <system-out>
    <![CDATA[username
password
clicked]]>
  </system-out>
  <testcase classname="org.atmecs.testscript.verifyDetailsInCheckoutTest" name="loginTest" time="6.815"/>
  <system-out>
    <![CDATA[username
password
clicked]]>
  </system-out>
  <testcase classname="org.atmecs.testscript.verifyDetailsInCheckoutTest" name="loginTest" time="6.678"/>
  <system-out>
    <![CDATA[username
password
clicked]]>
  </system-out>
</testsuite> <!-- org.atmecs.testscript.verifyDetailsInCheckoutTest -->
