<?xml version="1.0" encoding="UTF-8"?>
<!-- Generated by org.testng.reporters.JUnitReportReporter -->
<testsuite hostname="ATMECSINLT-829" failures="0" tests="7" name="org.atmecs.testscript.VerifyLoginTest" time="40.502" errors="0" timestamp="2022-11-17T17:45:12 IST" skipped="0">
  <testcase classname="org.atmecs.testscript.VerifyLoginTest" name="loginTest" time="5.014"/>
  <system-out>
    <![CDATA[username
password
clicked
title]]>
  </system-out>
  <testcase classname="org.atmecs.testscript.VerifyLoginTest" name="loginTest" time="6.388"/>
  <system-out>
    <![CDATA[username
password
clicked
title]]>
  </system-out>
  <testcase classname="org.atmecs.testscript.VerifyLoginTest" name="loginTest" time="3.677"/>
  <system-out>
    <![CDATA[username
password
clicked
title]]>
  </system-out>
  <testcase classname="org.atmecs.testscript.VerifyLoginTest" name="loginTest" time="2.745"/>
  <system-out>
    <![CDATA[username
password
clicked
title]]>
  </system-out>
  <testcase classname="org.atmecs.testscript.VerifyLoginTest" name="loginTest" time="2.921"/>
  <system-out>
    <![CDATA[username
password
clicked
title]]>
  </system-out>
  <testcase classname="org.atmecs.testscript.VerifyLoginTest" name="loginTest" time="7.675"/>
  <system-out>
    <![CDATA[username
password
clicked
title]]>
  </system-out>
  <testcase classname="org.atmecs.testscript.VerifyLoginTest" name="loginTest" time="12.082"/>
  <system-out>
    <![CDATA[username
password
clicked
title]]>
  </system-out>
</testsuite> <!-- org.atmecs.testscript.VerifyLoginTest -->
