<?xml version="1.0" encoding="UTF-8"?>
<!-- Generated by org.testng.reporters.JUnitReportReporter -->
<testsuite hostname="ATMECSINLT-829" failures="0" tests="1" name="org.atmecs.testsuite.TestSuiteBase" time="6.652" errors="0" timestamp="2022-11-16T15:26:49 IST" skipped="0">
  <testcase classname="org.atmecs.testsuite.TestSuiteBase" name="preSetup" time="6.652"/>
  <system-out>
    <![CDATA[Opening browser: chrome
Maximizing browser window]]>
  </system-out>
</testsuite> <!-- org.atmecs.testsuite.TestSuiteBase -->
